750
0 2
145
993 995
49 51
816 817
134 137
982 984
466 469
343 344
153 155
231 234
912 915
668 670
52 53
494 495
583 585
899
481 482
936
813 814
359 363
409 410
27 30
401 402
91 93
832 833
390 392
259 262
200 204
716 717
249 250
474 475
114 115
808 810
179
191 195
861 862
339 341
947 949
105 108
226 227
407 408
735 737
38
183 185
805 806
423
243 244
553 558
512 513
452 454
168 169
40 44
131 133
564 566
825 828
500
286
78
368 371
386 388
129 130
99 101
163 165
10 12
156 157
846 847
287
285 288
94 95
871 872
372 373
759 760
214 215
681 683
375 376
364
956 957
403 405
937 940
894 897
289 290
496 498
510 511
6 8
620 622
324 327
116 117
812
609 612
697 698
973 974
96 97
457
415 417
273 280
834 835
180 182
413 414
436
337 338
102 104
320
684 685
584
501 503
428 432
628 630
111
20 26
581 582
138 143
387
125
951
570
80 82
171 172
46 47
675 676
470 471
198 199
173 175
330 331
394 395
615 617
54 55
246 248
70
147 150
929 930
66 67
627
723
270 271
265
840 841
572 573
866 868
662 664
607 608
837 838
151 152
31 32
483
818 824
476 478
216
468
158 160
484 487
223 224
857 858
879 881
545 547
345 350
588
4
144 146
252 253
599 600
202
562 563
958 960
23
567
596
251
109
820
438 443
161 162
977 979
353 355
815
964
605
740 744
451
745
98
140
800 801
73
795 796
543 544
422 424
660 661
335 336
281
450
81
462
384 385
765 769
610
118 119
644
309
536
714 715
688
48
906
753 758
211
15 18
811
720 721
916 918
994
126 128
89
266 269
241
59 61
149
853 856
850
275
34
314
90
84 85
975
705 709
506
334
932 934
923
439
103
294
517 518
7
614
176
28
120
638
297 304
509
557
218 221
313
472
86 88
434 437
5
455 458
233
358
35
382 383
255
247
196
100
74
528 529
25
855
490 492
68 69
296
166
71 72
532
499
710 711
178
279
704
174
577 578
159
370
404
238 242
13
606
230
497
36 37
208
645
569
985 988
311
447 449
113
516
268
435
677
228
87
561
272
64 65
381
848
623
397
950
889
291 295
3
576
229
256 257
236 237
22
775
441
514
222
480
464 465
325
635 636
41
433
521 522
310 318
539
210
245
148
411
779
657 659
83
618 619
9
60
197
654
460
823
844
263 264
799
167
686 689
559
302
367
398 399
416
123 124
189
701 703
76 79
17
990 991
463
444 445
648
702
348
551
493
631 632
945 946
75
616
525 527
579 580
57 58
961 965
193
770 773
361
277
254
181
546
203
21
860
891 892
260
24
761
352
459 461
43
633 634
537 542
863
867
328
393
225
836
706
896
19
298
11
604
663
870
884 885
261
924
219
762 763
555
878
829
595 598
300
754
601 603
523 524
568 571
637 643
283
732
504
329
347
893
626
629
887
724
201
121
725
726 731
741
695 696
671
788 789
187
550
139
651 653
728
533
742
406
446
803
485
921
365 366
50
479
938
456
873 876
39
673 674
136
467
194
749 750
548 552
962
719
440
106
746
729
922
880
967 968
508
574
807
301
488
736
316
217
127
377
774 781
802
575
970
306 307
865
669
519
235
45
793 794
942
541
184
755
391
908
712
188 190
534 535
996 999
738
206 207
507
430
333
597
321 322
830
502
902 903
267
692
473
360
369
941 943
655
751 752
935
332
778
340
739
919 920
594
613
727
305
665 666
690
797 798
939
526
212
624 625
904 909
667
560
771
589 590
821
641
992
356
933
898 901
785
92
819
679
886
708
913
882 883
29
141
122
538
640
647
997
864
978
722
205
77
213
678
747
292
1
192
154
293
489
910 911
33
477
62
209
777
63
505
278
299
186
276
42
284
342
362
142
790
14
112
132
429
326
687
282
303
379
389
232
317
357
312
177
520
374
349
319
220
540
346
378
586 587
354
718
239
442
420
240
453
843
822
713
426 427
274
400
530
170
421
323
135
16
531
649
565
650
110
593
56
412
425
792
486
682
396
448
107
258
351
491
694
554
611
592
842
646
549
431
556
591
699 700
766
756
656
621
693
849
602
680
642
917
874
164
515
733
652
658
672
730
308
952 953
418 419
315
707
768
780
955
764
851
786
839
791
757
809
380
890
826
914
877
743
931
782 783
827
804
900
972
845
875
691
787
895
852
734
927 928
772
859
971
907
831
784
987
986
639
767
926
776
869
944
888
966
983
954
998
969
980 981
959
748
854
905
925
948
963
976
989
